build/app/intermediates/manifest_merge_blame_file/release/manifest-merger-blame-release-report.txt
1<?xml version="1.0" encoding="utf-8"?>
2<manifest xmlns:android="http://schemas.android.com/apk/res/android"
3    package="com.example.gmsh"
4    android:versionCode="1"
5    android:versionName="1.0.0" >
6
7    <uses-sdk
8        android:minSdkVersion="20"
8-->src/main/AndroidManifest.xml
9        android:targetSdkVersion="30" />
9-->src/main/AndroidManifest.xml
10
11    <uses-permission android:name="android.permission.INTERNET" />
11-->src/main/AndroidManifest.xml:4:5-67
11-->src/main/AndroidManifest.xml:4:22-64
12    <uses-permission android:name="android.permission.ACCESS_NETWORK_STATE" />
12-->src/main/AndroidManifest.xml:5:5-79
12-->src/main/AndroidManifest.xml:5:22-76
13    <uses-permission android:name="android.permission.WRITE_EXTERNAL_STORAGE" />
13-->src/main/AndroidManifest.xml:6:5-81
13-->src/main/AndroidManifest.xml:6:22-78
14    <uses-permission android:name="android.permission.READ_EXTERNAL_STORAGE" />
14-->src/main/AndroidManifest.xml:7:5-80
14-->src/main/AndroidManifest.xml:7:22-77
15
16    <queries>
16-->[:flutter_inappwebview] AndroidManifest.xml:7:5-11:15
17        <intent>
17-->[:flutter_inappwebview] AndroidManifest.xml:8:9-10:18
18            <action android:name="android.support.customtabs.action.CustomTabsService" />
18-->[:flutter_inappwebview] AndroidManifest.xml:9:13-90
18-->[:flutter_inappwebview] AndroidManifest.xml:9:21-87
19        </intent>
20    </queries>
21
22    <application
22-->src/main/AndroidManifest.xml:9:5-59:19
23        android:allowBackup="true"
23-->src/main/AndroidManifest.xml:10:9-35
24        android:appComponentFactory="androidx.core.app.CoreComponentFactory"
24-->[androidx.core:core:1.3.0] AndroidManifest.xml:24:18-86
25        android:icon="@mipmap/ic_giaima_logo"
25-->src/main/AndroidManifest.xml:12:9-46
26        android:label="Giải Mã Kèo Bóng"
26-->src/main/AndroidManifest.xml:13:9-41
27        android:roundIcon="@mipmap/ic_giaima_logo"
27-->src/main/AndroidManifest.xml:11:9-51
28        android:supportsRtl="true"
28-->src/main/AndroidManifest.xml:14:9-35
29        android:usesCleartextTraffic="true" >
29-->src/main/AndroidManifest.xml:15:9-44
30        <activity
30-->src/main/AndroidManifest.xml:16:9-48:20
31            android:name="com.example.gmsh.MainActivity"
31-->src/main/AndroidManifest.xml:17:13-41
32            android:configChanges="orientation|keyboardHidden|keyboard|screenSize|smallestScreenSize|locale|layoutDirection|fontScale|screenLayout|density|uiMode"
32-->src/main/AndroidManifest.xml:19:13-163
33            android:hardwareAccelerated="true"
33-->src/main/AndroidManifest.xml:20:13-47
34            android:launchMode="singleTop"
34-->src/main/AndroidManifest.xml:21:13-43
35            android:roundIcon="@mipmap/ic_giaima_logo"
35-->src/main/AndroidManifest.xml:18:13-55
36            android:theme="@style/LaunchTheme"
36-->src/main/AndroidManifest.xml:22:13-47
37            android:windowSoftInputMode="adjustResize" >
37-->src/main/AndroidManifest.xml:23:13-55
38
39            <!--
40                 Specifies an Android theme to apply to this Activity as soon as
41                 the Android process has started. This theme is visible to the user
42                 while the Flutter UI initializes. After that, this theme continues
43                 to determine the Window background behind the Flutter UI.
44            -->
45            <meta-data
45-->src/main/AndroidManifest.xml:28:13-30:57
46                android:name="io.flutter.embedding.android.NormalTheme"
46-->src/main/AndroidManifest.xml:29:17-72
47                android:resource="@style/NormalTheme" />
47-->src/main/AndroidManifest.xml:30:17-54
48            <!--
49                 Displays an Android View that continues showing the launch screen
50                 Drawable until Flutter paints its first frame, then this splash
51                 screen fades out. A splash screen is useful to avoid any visual
52                 gap between the end of Android's launch screen and the painting of
53                 Flutter's first frame.
54            -->
55            <meta-data
55-->src/main/AndroidManifest.xml:36:13-38:66
56                android:name="io.flutter.embedding.android.SplashScreenDrawable"
56-->src/main/AndroidManifest.xml:37:17-81
57                android:resource="@drawable/launch_background" />
57-->src/main/AndroidManifest.xml:38:17-63
58            <meta-data
58-->src/main/AndroidManifest.xml:40:13-42:67
59                android:name="io.flutter.network-policy"
59-->src/main/AndroidManifest.xml:41:17-57
60                android:resource="@xml/network_security_config" />
60-->src/main/AndroidManifest.xml:42:17-64
61
62            <intent-filter>
62-->src/main/AndroidManifest.xml:44:13-47:29
63                <action android:name="android.intent.action.MAIN" />
63-->src/main/AndroidManifest.xml:45:17-69
63-->src/main/AndroidManifest.xml:45:25-66
64
65                <category android:name="android.intent.category.LAUNCHER" />
65-->src/main/AndroidManifest.xml:46:17-77
65-->src/main/AndroidManifest.xml:46:27-74
66            </intent-filter>
67        </activity>
68        <!--
69             Don't delete the meta-data below.
70             This is used by the Flutter tool to generate GeneratedPluginRegistrant.java
71        -->
72        <service
72-->src/main/AndroidManifest.xml:51:9-54:39
73            android:name="com.example.gmsh.service.ClipboardMonitorService"
73-->src/main/AndroidManifest.xml:52:13-60
74            android:exported="false"
74-->src/main/AndroidManifest.xml:54:13-37
75            android:label="Clipboard Monitor" />
75-->src/main/AndroidManifest.xml:53:13-46
76
77        <meta-data
77-->src/main/AndroidManifest.xml:56:9-58:33
78            android:name="flutterEmbedding"
78-->src/main/AndroidManifest.xml:57:13-44
79            android:value="2" />
79-->src/main/AndroidManifest.xml:58:13-30
80
81        <activity
81-->[:flutter_inappwebview] AndroidManifest.xml:14:9-17:47
82            android:name="com.pichillilorenzo.flutter_inappwebview.in_app_browser.InAppBrowserActivity"
82-->[:flutter_inappwebview] AndroidManifest.xml:15:13-104
83            android:configChanges="orientation|keyboardHidden|keyboard|screenSize|locale|layoutDirection|fontScale|screenLayout|density"
83-->[:flutter_inappwebview] AndroidManifest.xml:16:13-137
84            android:theme="@style/AppTheme" />
84-->[:flutter_inappwebview] AndroidManifest.xml:17:13-44
85        <activity
85-->[:flutter_inappwebview] AndroidManifest.xml:18:9-20:55
86            android:name="com.pichillilorenzo.flutter_inappwebview.chrome_custom_tabs.ChromeCustomTabsActivity"
86-->[:flutter_inappwebview] AndroidManifest.xml:19:13-112
87            android:theme="@style/ThemeTransparent" />
87-->[:flutter_inappwebview] AndroidManifest.xml:20:13-52
88
89        <receiver android:name="com.pichillilorenzo.flutter_inappwebview.chrome_custom_tabs.ActionBroadcastReceiver" />
89-->[:flutter_inappwebview] AndroidManifest.xml:22:9-120
89-->[:flutter_inappwebview] AndroidManifest.xml:22:19-117
90
91        <meta-data
91-->[:flutter_inappwebview] AndroidManifest.xml:24:9-26:36
92            android:name="io.flutter.embedded_views_preview"
92-->[:flutter_inappwebview] AndroidManifest.xml:25:13-61
93            android:value="true" />
93-->[:flutter_inappwebview] AndroidManifest.xml:26:13-33
94    </application>
95
96</manifest>